<?xml version="1.0" encoding="UTF-8"?>
<!-- Generated by org.testng.reporters.JUnitReportReporter -->
<testsuite hostname="vnikolic" name="testcases.TC_001" tests="1" failures="0" timestamp="29 Jan 2019 12:15:21 GMT" time="11.351" errors="0">
  <testcase name="testcase1" time="11.351" classname="testcases.TC_001"/>
</testsuite> <!-- testcases.TC_001 -->
