<?xml version="1.0" encoding="UTF-8"?>
<!-- Generated by org.testng.reporters.JUnitReportReporter -->
<testsuite hostname="vnikolic" name="testcases.TC_002" tests="1" failures="0" timestamp="29 Jan 2019 12:15:21 GMT" time="8.805" errors="0">
  <testcase name="testcase1" time="8.805" classname="testcases.TC_002"/>
</testsuite> <!-- testcases.TC_002 -->
