<?xml version="1.0" encoding="UTF-8"?>
<!-- Generated by org.testng.reporters.JUnitReportReporter -->
<testsuite hostname="vnikolic" name="testcases.TC_001" tests="1" failures="0" timestamp="1 Feb 2019 08:35:57 GMT" time="12.077" errors="0">
  <testcase name="testcase1" time="12.077" classname="testcases.TC_001"/>
</testsuite> <!-- testcases.TC_001 -->
