<?xml version="1.0" encoding="UTF-8"?>
<!-- Generated by org.testng.reporters.JUnitReportReporter -->
<testsuite hostname="vnikolic" name="testcases.TC_001" tests="1" failures="0" timestamp="29 Jan 2019 10:40:50 GMT" time="9.828" errors="0">
  <testcase name="testcase1" time="9.828" classname="testcases.TC_001"/>
</testsuite> <!-- testcases.TC_001 -->
